[29-Apr-2015 07:40:04 UTC] 0::session.inc:401: include_once(./tmp/faillog.php): failed to open stream: No such file or directory
[29-Apr-2015 07:40:04 UTC] 0::session.inc:401: include_once(): Failed opening './tmp/faillog.php' for inclusion (include_path='.:/usr/share/php:/usr/share/pear')
[29-Apr-2015 07:40:18 UTC] 0::session.inc:401: include_once(./tmp/faillog.php): failed to open stream: No such file or directory
[29-Apr-2015 07:40:18 UTC] 0::session.inc:401: include_once(): Failed opening './tmp/faillog.php' for inclusion (include_path='.:/usr/share/php:/usr/share/pear')
[29-Apr-2015 07:40:23 UTC] 0::session.inc:401: include_once(./tmp/faillog.php): failed to open stream: No such file or directory
[29-Apr-2015 07:40:23 UTC] 0::session.inc:401: include_once(): Failed opening './tmp/faillog.php' for inclusion (include_path='.:/usr/share/php:/usr/share/pear')
[29-Apr-2015 07:40:23 UTC] 0:admin:session.inc:401: include_once(./tmp/faillog.php): failed to open stream: No such file or directory
[29-Apr-2015 07:40:23 UTC] 0:admin:session.inc:401: include_once(): Failed opening './tmp/faillog.php' for inclusion (include_path='.:/usr/share/php:/usr/share/pear')
[29-Apr-2015 07:40:30 UTC] 0:admin:session.inc:401: include_once(../tmp/faillog.php): failed to open stream: No such file or directory
[29-Apr-2015 07:40:30 UTC] 0:admin:session.inc:401: include_once(): Failed opening '../tmp/faillog.php' for inclusion (include_path='.:/usr/share/php:/usr/share/pear')
[29-Apr-2015 07:40:30 UTC] 0:admin:main.inc:67: fopen(../company/0/js_cache/date_picker.js): failed to open stream: Permission denied
[29-Apr-2015 07:40:30 UTC] 0:admin:session.inc:401: include_once(../tmp/faillog.php): failed to open stream: No such file or directory
[29-Apr-2015 07:40:30 UTC] 0:admin:session.inc:401: include_once(): Failed opening '../tmp/faillog.php' for inclusion (include_path='.:/usr/share/php:/usr/share/pear')
[29-Apr-2015 07:40:30 UTC] 0:admin:main.inc:67: fopen(../company/0/js_cache/date_picker.js): failed to open stream: Permission denied
[29-Apr-2015 07:40:32 UTC] 0:admin:session.inc:401: include_once(./tmp/faillog.php): failed to open stream: No such file or directory
[29-Apr-2015 07:40:32 UTC] 0:admin:session.inc:401: include_once(): Failed opening './tmp/faillog.php' for inclusion (include_path='.:/usr/share/php:/usr/share/pear')
[29-Apr-2015 07:40:32 UTC] 0:admin:session.inc:401: include_once(./tmp/faillog.php): failed to open stream: No such file or directory
[29-Apr-2015 07:40:32 UTC] 0:admin:session.inc:401: include_once(): Failed opening './tmp/faillog.php' for inclusion (include_path='.:/usr/share/php:/usr/share/pear')
[29-Apr-2015 07:40:34 UTC] 0:admin:session.inc:401: include_once(../../tmp/faillog.php): failed to open stream: No such file or directory
[29-Apr-2015 07:40:34 UTC] 0:admin:session.inc:401: include_once(): Failed opening '../../tmp/faillog.php' for inclusion (include_path='.:/usr/share/php:/usr/share/pear')
[29-Apr-2015 07:40:35 UTC] 0:admin:main.inc:67: fopen(../../company/0/js_cache/date_picker.js): failed to open stream: Permission denied
[29-Apr-2015 07:40:35 UTC] 0:admin:session.inc:401: include_once(../../tmp/faillog.php): failed to open stream: No such file or directory
[29-Apr-2015 07:40:35 UTC] 0:admin:session.inc:401: include_once(): Failed opening '../../tmp/faillog.php' for inclusion (include_path='.:/usr/share/php:/usr/share/pear')
[29-Apr-2015 07:40:35 UTC] 0:admin:main.inc:67: fopen(../../company/0/js_cache/date_picker.js): failed to open stream: Permission denied
[29-Apr-2015 07:41:08 UTC] 0:admin:session.inc:401: include_once(../../tmp/faillog.php): failed to open stream: No such file or directory
[29-Apr-2015 07:41:08 UTC] 0:admin:session.inc:401: include_once(): Failed opening '../../tmp/faillog.php' for inclusion (include_path='.:/usr/share/php:/usr/share/pear')
[29-Apr-2015 07:41:08 UTC] 0:admin:main.inc:67: fopen(../../company/0/js_cache/date_picker.js): failed to open stream: Permission denied
[29-Apr-2015 07:41:08 UTC] 0:admin:JsHttpRequest.php:470: mb_convert_encoding(): Illegal character encoding specified
[29-Apr-2015 07:41:08 UTC] 0:admin:JsHttpRequest.php:470: mb_convert_encoding(): Illegal character encoding specified
[29-Apr-2015 07:41:08 UTC] 0:admin:JsHttpRequest.php:470: mb_convert_encoding(): Illegal character encoding specified
[29-Apr-2015 07:41:08 UTC] 0:admin:JsHttpRequest.php:470: mb_convert_encoding(): Illegal character encoding specified
[29-Apr-2015 07:41:08 UTC] 0:admin:JsHttpRequest.php:470: mb_convert_encoding(): Illegal character encoding specified
[29-Apr-2015 07:41:08 UTC] 0:admin:JsHttpRequest.php:470: mb_convert_encoding(): Illegal character encoding specified
[29-Apr-2015 07:41:08 UTC] 0:admin:JsHttpRequest.php:470: mb_convert_encoding(): Illegal character encoding specified
[29-Apr-2015 07:41:08 UTC] 0:admin:JsHttpRequest.php:470: mb_convert_encoding(): Illegal character encoding specified
[29-Apr-2015 07:41:08 UTC] 0:admin:JsHttpRequest.php:470: mb_convert_encoding(): Illegal character encoding specified
[29-Apr-2015 07:41:08 UTC] 0:admin:JsHttpRequest.php:470: mb_convert_encoding(): Illegal character encoding specified
[29-Apr-2015 07:41:08 UTC] 0:admin:JsHttpRequest.php:470: mb_convert_encoding(): Illegal character encoding specified
[29-Apr-2015 07:41:08 UTC] 0:admin:JsHttpRequest.php:470: mb_convert_encoding(): Illegal character encoding specified
[29-Apr-2015 07:41:08 UTC] 0:admin:JsHttpRequest.php:470: mb_convert_encoding(): Illegal character encoding specified
[29-Apr-2015 07:41:08 UTC] 0:admin:JsHttpRequest.php:470: mb_convert_encoding(): Illegal character encoding specified
[29-Apr-2015 07:41:08 UTC] 0:admin:JsHttpRequest.php:470: mb_convert_encoding(): Illegal character encoding specified
[29-Apr-2015 07:41:08 UTC] 0:admin:JsHttpRequest.php:470: mb_convert_encoding(): Illegal character encoding specified
[29-Apr-2015 07:41:08 UTC] 0:admin:JsHttpRequest.php:470: mb_convert_encoding(): Illegal character encoding specified
[29-Apr-2015 07:41:08 UTC] 0:admin:JsHttpRequest.php:470: mb_convert_encoding(): Illegal character encoding specified
[29-Apr-2015 07:41:08 UTC] 0:admin:JsHttpRequest.php:470: mb_convert_encoding(): Illegal character encoding specified
[29-Apr-2015 07:41:08 UTC] 0:admin:JsHttpRequest.php:470: mb_convert_encoding(): Illegal character encoding specified
[29-Apr-2015 07:41:08 UTC] 0:admin:JsHttpRequest.php:470: mb_convert_encoding(): Illegal character encoding specified
[29-Apr-2015 07:41:31 UTC] 0:admin:session.inc:401: include_once(../../tmp/faillog.php): failed to open stream: No such file or directory
[29-Apr-2015 07:41:31 UTC] 0:admin:session.inc:401: include_once(): Failed opening '../../tmp/faillog.php' for inclusion (include_path='.:/usr/share/php:/usr/share/pear')
[29-Apr-2015 07:41:32 UTC] 0:admin:main.inc:67: fopen(../../company/0/js_cache/date_picker.js): failed to open stream: Permission denied
[29-Apr-2015 07:41:32 UTC] 0:admin:JsHttpRequest.php:470: mb_convert_encoding(): Illegal character encoding specified
[29-Apr-2015 07:41:32 UTC] 0:admin:JsHttpRequest.php:470: mb_convert_encoding(): Illegal character encoding specified
[29-Apr-2015 07:41:32 UTC] 0:admin:JsHttpRequest.php:470: mb_convert_encoding(): Illegal character encoding specified
[29-Apr-2015 07:41:32 UTC] 0:admin:JsHttpRequest.php:470: mb_convert_encoding(): Illegal character encoding specified
[29-Apr-2015 07:41:32 UTC] 0:admin:JsHttpRequest.php:470: mb_convert_encoding(): Illegal character encoding specified
[29-Apr-2015 07:41:32 UTC] 0:admin:JsHttpRequest.php:470: mb_convert_encoding(): Illegal character encoding specified
[29-Apr-2015 07:41:32 UTC] 0:admin:JsHttpRequest.php:470: mb_convert_encoding(): Illegal character encoding specified
[29-Apr-2015 07:41:32 UTC] 0:admin:JsHttpRequest.php:470: mb_convert_encoding(): Illegal character encoding specified
[29-Apr-2015 07:41:32 UTC] 0:admin:JsHttpRequest.php:470: mb_convert_encoding(): Illegal character encoding specified
[29-Apr-2015 07:41:32 UTC] 0:admin:JsHttpRequest.php:470: mb_convert_encoding(): Illegal character encoding specified
[29-Apr-2015 07:41:32 UTC] 0:admin:JsHttpRequest.php:470: mb_convert_encoding(): Illegal character encoding specified
[29-Apr-2015 07:41:35 UTC] 0:admin:session.inc:401: include_once(./tmp/faillog.php): failed to open stream: No such file or directory
[29-Apr-2015 07:41:35 UTC] 0:admin:session.inc:401: include_once(): Failed opening './tmp/faillog.php' for inclusion (include_path='.:/usr/share/php:/usr/share/pear')
[29-Apr-2015 07:41:36 UTC] 0:admin:session.inc:401: include_once(./tmp/faillog.php): failed to open stream: No such file or directory
[29-Apr-2015 07:41:36 UTC] 0:admin:session.inc:401: include_once(): Failed opening './tmp/faillog.php' for inclusion (include_path='.:/usr/share/php:/usr/share/pear')
[29-Apr-2015 07:41:38 UTC] 0:admin:session.inc:401: include_once(../tmp/faillog.php): failed to open stream: No such file or directory
[29-Apr-2015 07:41:38 UTC] 0:admin:session.inc:401: include_once(): Failed opening '../tmp/faillog.php' for inclusion (include_path='.:/usr/share/php:/usr/share/pear')
[29-Apr-2015 07:41:38 UTC] 0:admin:session.inc:401: include_once(../tmp/faillog.php): failed to open stream: No such file or directory
[29-Apr-2015 07:41:38 UTC] 0:admin:session.inc:401: include_once(): Failed opening '../tmp/faillog.php' for inclusion (include_path='.:/usr/share/php:/usr/share/pear')
[29-Apr-2015 07:44:13 UTC] 0:admin:session.inc:401: include_once(../tmp/faillog.php): failed to open stream: No such file or directory
[29-Apr-2015 07:44:13 UTC] 0:admin:session.inc:401: include_once(): Failed opening '../tmp/faillog.php' for inclusion (include_path='.:/usr/share/php:/usr/share/pear')
[29-Apr-2015 07:44:15 UTC] 0:admin:session.inc:401: include_once(./tmp/faillog.php): failed to open stream: No such file or directory
[29-Apr-2015 07:44:15 UTC] 0:admin:session.inc:401: include_once(): Failed opening './tmp/faillog.php' for inclusion (include_path='.:/usr/share/php:/usr/share/pear')
[29-Apr-2015 07:44:16 UTC] 0:admin:session.inc:401: include_once(./tmp/faillog.php): failed to open stream: No such file or directory
[29-Apr-2015 07:44:16 UTC] 0:admin:session.inc:401: include_once(): Failed opening './tmp/faillog.php' for inclusion (include_path='.:/usr/share/php:/usr/share/pear')
[29-Apr-2015 07:44:20 UTC] 0:admin:session.inc:401: include_once(./tmp/faillog.php): failed to open stream: No such file or directory
[29-Apr-2015 07:44:20 UTC] 0:admin:session.inc:401: include_once(): Failed opening './tmp/faillog.php' for inclusion (include_path='.:/usr/share/php:/usr/share/pear')
[29-Apr-2015 07:44:20 UTC] 0:admin:session.inc:401: include_once(./tmp/faillog.php): failed to open stream: No such file or directory
[29-Apr-2015 07:44:20 UTC] 0:admin:session.inc:401: include_once(): Failed opening './tmp/faillog.php' for inclusion (include_path='.:/usr/share/php:/usr/share/pear')
[29-Apr-2015 07:44:24 UTC] 0:admin:session.inc:401: include_once(../tmp/faillog.php): failed to open stream: No such file or directory
[29-Apr-2015 07:44:24 UTC] 0:admin:session.inc:401: include_once(): Failed opening '../tmp/faillog.php' for inclusion (include_path='.:/usr/share/php:/usr/share/pear')
[29-Apr-2015 07:44:24 UTC] 0:admin:current_user.inc:660: unlink(../company/0/js_cache/behaviour.js): Permission denied
[29-Apr-2015 07:44:24 UTC] 0:admin:current_user.inc:660: unlink(../company/0/js_cache/login.js): Permission denied
[29-Apr-2015 07:44:24 UTC] 0:admin:current_user.inc:660: unlink(../company/0/js_cache/JsHttpRequest.js): Permission denied
[29-Apr-2015 07:44:24 UTC] 0:admin:current_user.inc:660: unlink(../company/0/js_cache/utils.js): Permission denied
[29-Apr-2015 07:44:24 UTC] 0:admin:current_user.inc:660: unlink(../company/0/js_cache/inserts.js): Permission denied
[29-Apr-2015 07:44:24 UTC] 0:admin:session.inc:401: include_once(../tmp/faillog.php): failed to open stream: No such file or directory
[29-Apr-2015 07:44:24 UTC] 0:admin:session.inc:401: include_once(): Failed opening '../tmp/faillog.php' for inclusion (include_path='.:/usr/share/php:/usr/share/pear')
[29-Apr-2015 07:46:07 UTC] 0:admin:session.inc:401: include_once(../tmp/faillog.php): failed to open stream: No such file or directory
[29-Apr-2015 07:46:07 UTC] 0:admin:session.inc:401: include_once(): Failed opening '../tmp/faillog.php' for inclusion (include_path='.:/usr/share/php:/usr/share/pear')
[29-Apr-2015 07:46:13 UTC] 0:admin:session.inc:401: include_once(../tmp/faillog.php): failed to open stream: No such file or directory
[29-Apr-2015 07:46:13 UTC] 0:admin:session.inc:401: include_once(): Failed opening '../tmp/faillog.php' for inclusion (include_path='.:/usr/share/php:/usr/share/pear')
[29-Apr-2015 07:48:35 UTC] 0:admin:session.inc:401: include_once(../tmp/faillog.php): failed to open stream: No such file or directory
[29-Apr-2015 07:48:35 UTC] 0:admin:session.inc:401: include_once(): Failed opening '../tmp/faillog.php' for inclusion (include_path='.:/usr/share/php:/usr/share/pear')
[29-Apr-2015 07:48:47 UTC] 0:admin:session.inc:401: include_once(../tmp/faillog.php): failed to open stream: No such file or directory
[29-Apr-2015 07:48:47 UTC] 0:admin:session.inc:401: include_once(): Failed opening '../tmp/faillog.php' for inclusion (include_path='.:/usr/share/php:/usr/share/pear')
[29-Apr-2015 07:49:03 UTC] 0:admin:session.inc:401: include_once(../tmp/faillog.php): failed to open stream: No such file or directory
[29-Apr-2015 07:49:03 UTC] 0:admin:session.inc:401: include_once(): Failed opening '../tmp/faillog.php' for inclusion (include_path='.:/usr/share/php:/usr/share/pear')
[29-Apr-2015 07:49:41 UTC] 0:admin:session.inc:401: include_once(../tmp/faillog.php): failed to open stream: No such file or directory
[29-Apr-2015 07:49:41 UTC] 0:admin:session.inc:401: include_once(): Failed opening '../tmp/faillog.php' for inclusion (include_path='.:/usr/share/php:/usr/share/pear')
[29-Apr-2015 07:50:50 UTC] 0:admin:session.inc:401: include_once(../tmp/faillog.php): failed to open stream: No such file or directory
[29-Apr-2015 07:50:50 UTC] 0:admin:session.inc:401: include_once(): Failed opening '../tmp/faillog.php' for inclusion (include_path='.:/usr/share/php:/usr/share/pear')
[29-Apr-2015 07:51:02 UTC] 0:admin:session.inc:401: include_once(../tmp/faillog.php): failed to open stream: No such file or directory
[29-Apr-2015 07:51:02 UTC] 0:admin:session.inc:401: include_once(): Failed opening '../tmp/faillog.php' for inclusion (include_path='.:/usr/share/php:/usr/share/pear')
